2025-10-24 15:20:05 [INFO] --> Starting PropStream Automation...
2025-10-24 15:35:33 [INFO] --> Starting PropStream Automation...
2025-10-24 19:36:23 [INFO] 🚀 Starting PropStream Automation (API + Scheduler)...
2025-10-24 19:36:23 [INFO] Starting FastAPI API server...
2025-10-24 19:36:23 [INFO] ✅ Both API and Scheduler started successfully.
2025-10-24 19:36:23 [INFO] Starting scheduler service...
2025-10-24 19:37:39 [INFO] 🚀 Starting PropStream Automation (API + Scheduler)...
2025-10-24 19:37:39 [INFO] Starting FastAPI API server...
2025-10-24 19:37:39 [INFO] ✅ Both API and Scheduler started successfully.
2025-10-24 19:37:39 [INFO] Starting scheduler service...
2025-10-24 19:44:18 [INFO] 🚀 Starting PropStream Automation (API + Scheduler)...
2025-10-24 19:44:18 [INFO] Starting FastAPI API server...
2025-10-24 19:44:18 [INFO] ✅ Both API and Scheduler started successfully.
2025-10-24 19:44:18 [INFO] Starting scheduler service...
2025-10-24 19:47:14 [INFO] 🚀 Starting PropStream Automation (API + Scheduler)...
2025-10-24 19:47:14 [INFO] Starting FastAPI API server...
2025-10-24 19:47:14 [INFO] ✅ Both API and Scheduler started successfully.
2025-10-24 19:47:14 [INFO] Starting scheduler service...
2025-10-24 20:22:33 [INFO] 🚀 Starting PropStream Automation (API + Scheduler)...
2025-10-24 20:22:33 [INFO] ✅ Both API and Scheduler started successfully.
2025-10-24 20:22:33 [INFO] Starting FastAPI API server...
2025-10-24 20:22:33 [INFO] Starting scheduler service...
