2025-10-24 15:20:05 [INFO] Scheduler started [runs every 1 min].
2025-10-24 15:20:05 [INFO] --> Starting scheduled fetch job...
2025-10-24 15:20:05 [WARNING] No data fetched, refreshing token and retrying...
2025-10-24 15:21:16 [INFO] Fetched 110 properties.
2025-10-24 15:21:16 [INFO] --> Starting scheduled fetch job...
2025-10-24 15:21:20 [INFO] Fetched 110 properties.
2025-10-24 15:21:20 [INFO] Waiting for the next scheduled job...
2025-10-24 15:35:33 [INFO] Scheduler started [runs every 1 min].
2025-10-24 15:35:33 [INFO] --> Starting scheduled fetch job...
2025-10-24 15:35:38 [INFO] Fetched 110 properties.
2025-10-24 15:35:38 [INFO] Waiting for the next scheduled job...
2025-10-24 15:36:38 [INFO] Woke up to check for scheduled jobs.
2025-10-24 15:36:38 [INFO] --> Starting scheduled fetch job...
2025-10-24 15:36:39 [WARNING] No data fetched, refreshing token and retrying...
2025-10-24 15:37:31 [INFO] Fetched 110 properties.
2025-10-24 15:37:31 [INFO] Waiting for the next scheduled job...
2025-10-24 15:38:31 [INFO] Woke up to check for scheduled jobs.
2025-10-24 15:38:31 [INFO] --> Starting scheduled fetch job...
2025-10-24 15:38:31 [WARNING] No data fetched, refreshing token and retrying...
2025-10-24 15:39:42 [INFO] Fetched 110 properties.
2025-10-24 15:39:42 [INFO] Waiting for the next scheduled job...
2025-10-24 15:40:42 [INFO] Woke up to check for scheduled jobs.
2025-10-24 15:40:42 [INFO] --> Starting scheduled fetch job...
2025-10-24 15:40:47 [INFO] Fetched 110 properties.
2025-10-24 15:40:47 [INFO] Waiting for the next scheduled job...
2025-10-24 15:41:47 [INFO] Woke up to check for scheduled jobs.
2025-10-24 15:41:47 [INFO] --> Starting scheduled fetch job...
2025-10-24 15:41:51 [INFO] Fetched 110 properties.
2025-10-24 15:41:51 [INFO] Waiting for the next scheduled job...
2025-10-24 15:42:51 [INFO] Woke up to check for scheduled jobs.
2025-10-24 15:42:51 [INFO] --> Starting scheduled fetch job...
2025-10-24 15:42:55 [INFO] Fetched 110 properties.
2025-10-24 15:42:55 [INFO] Waiting for the next scheduled job...
2025-10-24 15:43:55 [INFO] Woke up to check for scheduled jobs.
2025-10-24 15:43:55 [INFO] --> Starting scheduled fetch job...
2025-10-24 15:43:58 [INFO] Fetched 110 properties.
2025-10-24 15:43:58 [INFO] Waiting for the next scheduled job...
2025-10-24 15:44:58 [INFO] Woke up to check for scheduled jobs.
2025-10-24 15:44:58 [INFO] --> Starting scheduled fetch job...
2025-10-24 15:45:02 [INFO] Fetched 110 properties.
2025-10-24 15:45:02 [INFO] Waiting for the next scheduled job...
2025-10-24 15:46:02 [INFO] Woke up to check for scheduled jobs.
2025-10-24 15:46:02 [INFO] --> Starting scheduled fetch job...
2025-10-24 15:46:06 [INFO] Fetched 110 properties.
2025-10-24 15:46:06 [INFO] Waiting for the next scheduled job...
2025-10-24 15:47:06 [INFO] Woke up to check for scheduled jobs.
2025-10-24 15:47:06 [INFO] --> Starting scheduled fetch job...
2025-10-24 15:47:10 [INFO] Fetched 110 properties.
2025-10-24 15:47:10 [INFO] Waiting for the next scheduled job...
2025-10-24 15:48:10 [INFO] Woke up to check for scheduled jobs.
2025-10-24 15:48:10 [INFO] --> Starting scheduled fetch job...
2025-10-24 15:48:10 [WARNING] No data fetched, refreshing token and retrying...
2025-10-24 15:48:58 [INFO] Fetched 110 properties.
2025-10-24 15:48:58 [INFO] Waiting for the next scheduled job...
2025-10-24 15:49:58 [INFO] Woke up to check for scheduled jobs.
2025-10-24 15:49:58 [INFO] --> Starting scheduled fetch job...
2025-10-24 15:50:02 [INFO] Fetched 110 properties.
2025-10-24 15:50:02 [INFO] Waiting for the next scheduled job...
2025-10-24 15:51:02 [INFO] Woke up to check for scheduled jobs.
2025-10-24 15:51:02 [INFO] --> Starting scheduled fetch job...
2025-10-24 15:51:06 [INFO] Fetched 110 properties.
2025-10-24 15:51:06 [INFO] Waiting for the next scheduled job...
2025-10-24 15:52:06 [INFO] Woke up to check for scheduled jobs.
2025-10-24 15:52:06 [INFO] --> Starting scheduled fetch job...
2025-10-24 15:52:10 [INFO] Fetched 110 properties.
2025-10-24 15:52:10 [INFO] Waiting for the next scheduled job...
2025-10-24 15:53:10 [INFO] Woke up to check for scheduled jobs.
2025-10-24 15:53:10 [INFO] --> Starting scheduled fetch job...
2025-10-24 15:53:14 [INFO] Fetched 110 properties.
2025-10-24 15:53:14 [INFO] Waiting for the next scheduled job...
2025-10-24 15:54:14 [INFO] Woke up to check for scheduled jobs.
2025-10-24 15:54:14 [INFO] --> Starting scheduled fetch job...
2025-10-24 15:54:18 [INFO] Fetched 110 properties.
2025-10-24 15:54:18 [INFO] Waiting for the next scheduled job...
2025-10-24 15:55:18 [INFO] Woke up to check for scheduled jobs.
2025-10-24 15:55:18 [INFO] --> Starting scheduled fetch job...
2025-10-24 15:55:18 [WARNING] No data fetched, refreshing token and retrying...
2025-10-24 15:56:10 [INFO] Fetched 110 properties.
2025-10-24 15:56:10 [INFO] Waiting for the next scheduled job...
2025-10-24 15:57:10 [INFO] Woke up to check for scheduled jobs.
2025-10-24 15:57:10 [INFO] --> Starting scheduled fetch job...
2025-10-24 15:57:14 [INFO] Fetched 110 properties.
2025-10-24 15:57:14 [INFO] Waiting for the next scheduled job...
2025-10-24 15:58:14 [INFO] Woke up to check for scheduled jobs.
2025-10-24 15:58:14 [INFO] --> Starting scheduled fetch job...
2025-10-24 15:58:18 [INFO] Fetched 110 properties.
2025-10-24 15:58:18 [INFO] Waiting for the next scheduled job...
2025-10-24 15:59:18 [INFO] Woke up to check for scheduled jobs.
2025-10-24 15:59:18 [INFO] --> Starting scheduled fetch job...
2025-10-24 15:59:22 [INFO] Fetched 110 properties.
2025-10-24 15:59:22 [INFO] Waiting for the next scheduled job...
2025-10-24 16:00:22 [INFO] Woke up to check for scheduled jobs.
2025-10-24 16:00:22 [INFO] --> Starting scheduled fetch job...
2025-10-24 16:00:26 [INFO] Fetched 110 properties.
2025-10-24 16:00:26 [INFO] Waiting for the next scheduled job...
2025-10-24 16:01:26 [INFO] Woke up to check for scheduled jobs.
2025-10-24 16:01:26 [INFO] --> Starting scheduled fetch job...
2025-10-24 16:01:30 [INFO] Fetched 110 properties.
2025-10-24 16:01:30 [INFO] Waiting for the next scheduled job...
2025-10-24 16:02:30 [INFO] Woke up to check for scheduled jobs.
2025-10-24 16:02:30 [INFO] --> Starting scheduled fetch job...
2025-10-24 16:02:34 [INFO] Fetched 110 properties.
2025-10-24 16:02:34 [INFO] Waiting for the next scheduled job...
2025-10-24 16:03:34 [INFO] Woke up to check for scheduled jobs.
2025-10-24 16:03:34 [INFO] --> Starting scheduled fetch job...
2025-10-24 16:03:38 [INFO] Fetched 110 properties.
2025-10-24 16:03:38 [INFO] Waiting for the next scheduled job...
2025-10-24 16:04:38 [INFO] Woke up to check for scheduled jobs.
2025-10-24 16:04:38 [INFO] --> Starting scheduled fetch job...
2025-10-24 16:04:39 [WARNING] No data fetched, refreshing token and retrying...
2025-10-24 16:05:31 [INFO] Fetched 110 properties.
2025-10-24 16:05:31 [INFO] Waiting for the next scheduled job...
2025-10-24 16:06:31 [INFO] Woke up to check for scheduled jobs.
2025-10-24 16:06:31 [INFO] --> Starting scheduled fetch job...
2025-10-24 16:06:36 [INFO] Fetched 110 properties.
2025-10-24 16:06:36 [INFO] Waiting for the next scheduled job...
2025-10-24 16:07:36 [INFO] Woke up to check for scheduled jobs.
2025-10-24 16:07:36 [INFO] --> Starting scheduled fetch job...
2025-10-24 16:07:40 [INFO] Fetched 110 properties.
2025-10-24 16:07:40 [INFO] Waiting for the next scheduled job...
2025-10-24 16:08:40 [INFO] Woke up to check for scheduled jobs.
2025-10-24 16:08:40 [INFO] --> Starting scheduled fetch job...
2025-10-24 16:08:41 [WARNING] No data fetched, refreshing token and retrying...
2025-10-24 16:09:27 [INFO] Fetched 110 properties.
2025-10-24 16:09:27 [INFO] Waiting for the next scheduled job...
2025-10-24 16:10:27 [INFO] Woke up to check for scheduled jobs.
2025-10-24 16:10:27 [INFO] --> Starting scheduled fetch job...
2025-10-24 16:10:27 [WARNING] No data fetched, refreshing token and retrying...
2025-10-24 16:11:10 [INFO] Fetched 110 properties.
2025-10-24 16:11:10 [INFO] Waiting for the next scheduled job...
2025-10-24 16:12:10 [INFO] Woke up to check for scheduled jobs.
2025-10-24 16:12:10 [INFO] --> Starting scheduled fetch job...
2025-10-24 16:12:13 [INFO] Fetched 110 properties.
2025-10-24 16:12:13 [INFO] Waiting for the next scheduled job...
2025-10-24 16:13:13 [INFO] Woke up to check for scheduled jobs.
2025-10-24 16:13:13 [INFO] --> Starting scheduled fetch job...
2025-10-24 16:13:17 [INFO] Fetched 110 properties.
2025-10-24 16:13:17 [INFO] Waiting for the next scheduled job...
2025-10-24 16:14:17 [INFO] Woke up to check for scheduled jobs.
2025-10-24 16:14:17 [INFO] --> Starting scheduled fetch job...
2025-10-24 16:14:22 [INFO] Fetched 110 properties.
2025-10-24 16:14:22 [INFO] Waiting for the next scheduled job...
2025-10-24 16:15:22 [INFO] Woke up to check for scheduled jobs.
2025-10-24 16:15:22 [INFO] --> Starting scheduled fetch job...
2025-10-24 16:15:26 [INFO] Fetched 110 properties.
2025-10-24 16:15:26 [INFO] Waiting for the next scheduled job...
2025-10-24 16:16:26 [INFO] Woke up to check for scheduled jobs.
2025-10-24 16:16:26 [INFO] --> Starting scheduled fetch job...
2025-10-24 16:16:28 [WARNING] No data fetched, refreshing token and retrying...
2025-10-24 16:18:24 [INFO] Waiting for the next scheduled job...
2025-10-24 16:19:24 [INFO] Woke up to check for scheduled jobs.
2025-10-24 16:19:24 [INFO] --> Starting scheduled fetch job...
2025-10-24 16:19:25 [WARNING] No data fetched, refreshing token and retrying...
2025-10-24 16:20:14 [INFO] Fetched 110 properties.
2025-10-24 16:20:14 [INFO] Waiting for the next scheduled job...
2025-10-24 16:21:14 [INFO] Woke up to check for scheduled jobs.
2025-10-24 16:21:14 [INFO] --> Starting scheduled fetch job...
2025-10-24 16:21:18 [INFO] Fetched 110 properties.
2025-10-24 16:21:18 [INFO] Waiting for the next scheduled job...
2025-10-24 16:22:18 [INFO] Woke up to check for scheduled jobs.
2025-10-24 16:22:18 [INFO] --> Starting scheduled fetch job...
2025-10-24 16:22:18 [WARNING] No data fetched, refreshing token and retrying...
2025-10-24 16:23:07 [INFO] Fetched 110 properties.
2025-10-24 16:23:07 [INFO] Waiting for the next scheduled job...
2025-10-24 16:24:07 [INFO] Woke up to check for scheduled jobs.
2025-10-24 16:24:07 [INFO] --> Starting scheduled fetch job...
2025-10-24 16:24:08 [WARNING] No data fetched, refreshing token and retrying...
2025-10-24 16:24:48 [INFO] Fetched 110 properties.
2025-10-24 16:24:48 [INFO] Waiting for the next scheduled job...
2025-10-24 16:25:48 [INFO] Woke up to check for scheduled jobs.
2025-10-24 16:25:48 [INFO] --> Starting scheduled fetch job...
2025-10-24 16:25:52 [INFO] Fetched 110 properties.
2025-10-24 16:25:52 [INFO] Waiting for the next scheduled job...
2025-10-24 16:26:52 [INFO] Woke up to check for scheduled jobs.
2025-10-24 16:26:52 [INFO] --> Starting scheduled fetch job...
2025-10-24 16:26:56 [INFO] Fetched 110 properties.
2025-10-24 16:26:56 [INFO] Waiting for the next scheduled job...
2025-10-24 16:27:56 [INFO] Woke up to check for scheduled jobs.
2025-10-24 16:27:56 [INFO] --> Starting scheduled fetch job...
2025-10-24 16:28:00 [INFO] Fetched 110 properties.
2025-10-24 16:28:00 [INFO] Waiting for the next scheduled job...
2025-10-24 16:29:00 [INFO] Woke up to check for scheduled jobs.
2025-10-24 16:29:00 [INFO] --> Starting scheduled fetch job...
2025-10-24 16:29:05 [INFO] Fetched 110 properties.
2025-10-24 16:29:05 [INFO] Waiting for the next scheduled job...
2025-10-24 16:30:05 [INFO] Woke up to check for scheduled jobs.
2025-10-24 16:30:05 [INFO] --> Starting scheduled fetch job...
2025-10-24 16:30:08 [INFO] Fetched 110 properties.
2025-10-24 16:30:08 [INFO] Waiting for the next scheduled job...
2025-10-24 16:31:08 [INFO] Woke up to check for scheduled jobs.
2025-10-24 16:31:08 [INFO] --> Starting scheduled fetch job...
2025-10-24 16:31:13 [INFO] Fetched 110 properties.
2025-10-24 16:31:13 [INFO] Waiting for the next scheduled job...
2025-10-24 16:31:22 [INFO] Scheduler started [runs every 1 min].
2025-10-24 16:31:22 [INFO] --> Starting scheduled fetch job...
2025-10-24 16:31:26 [INFO] Fetched 110 properties.
2025-10-24 16:31:26 [INFO] Waiting for the next scheduled job...
2025-10-24 16:32:13 [INFO] Woke up to check for scheduled jobs.
2025-10-24 16:32:13 [INFO] --> Starting scheduled fetch job...
2025-10-24 16:32:26 [INFO] Woke up to check for scheduled jobs.
2025-10-24 16:32:26 [INFO] --> Starting scheduled fetch job...
2025-10-24 16:32:29 [INFO] Fetched 110 properties.
2025-10-24 16:32:29 [INFO] Waiting for the next scheduled job...
2025-10-24 16:32:34 [INFO] Fetched 110 properties.
2025-10-24 16:32:34 [INFO] Waiting for the next scheduled job...
2025-10-24 16:33:29 [INFO] Woke up to check for scheduled jobs.
2025-10-24 16:33:29 [INFO] --> Starting scheduled fetch job...
2025-10-24 16:33:31 [WARNING] No data fetched, refreshing token and retrying...
2025-10-24 16:33:34 [INFO] Woke up to check for scheduled jobs.
2025-10-24 16:33:34 [INFO] --> Starting scheduled fetch job...
2025-10-24 16:33:35 [WARNING] No data fetched, refreshing token and retrying...
2025-10-24 16:34:29 [INFO] Fetched 110 properties.
2025-10-24 16:34:29 [INFO] Waiting for the next scheduled job...
2025-10-24 16:34:30 [INFO] Fetched 110 properties.
2025-10-24 16:34:30 [INFO] Waiting for the next scheduled job...
2025-10-24 16:35:29 [INFO] Woke up to check for scheduled jobs.
2025-10-24 16:35:29 [INFO] --> Starting scheduled fetch job...
2025-10-24 16:35:33 [INFO] Fetched 110 properties.
2025-10-24 16:35:33 [INFO] Waiting for the next scheduled job...
2025-10-24 16:36:33 [INFO] Woke up to check for scheduled jobs.
2025-10-24 16:36:33 [INFO] --> Starting scheduled fetch job...
2025-10-24 16:36:38 [INFO] Fetched 110 properties.
2025-10-24 16:36:38 [INFO] Waiting for the next scheduled job...
2025-10-24 16:37:38 [INFO] Woke up to check for scheduled jobs.
2025-10-24 16:37:38 [INFO] --> Starting scheduled fetch job...
2025-10-24 16:37:42 [INFO] Fetched 110 properties.
2025-10-24 16:37:42 [INFO] Waiting for the next scheduled job...
2025-10-24 16:38:42 [INFO] Woke up to check for scheduled jobs.
2025-10-24 16:38:42 [INFO] --> Starting scheduled fetch job...
2025-10-24 16:38:46 [INFO] Fetched 110 properties.
2025-10-24 16:38:46 [INFO] Waiting for the next scheduled job...
2025-10-24 16:39:46 [INFO] Woke up to check for scheduled jobs.
2025-10-24 16:39:46 [INFO] --> Starting scheduled fetch job...
2025-10-24 16:39:50 [INFO] Fetched 110 properties.
2025-10-24 16:39:50 [INFO] Waiting for the next scheduled job...
2025-10-24 16:40:50 [INFO] Woke up to check for scheduled jobs.
2025-10-24 16:40:50 [INFO] --> Starting scheduled fetch job...
2025-10-24 16:40:54 [INFO] Fetched 110 properties.
2025-10-24 16:40:54 [INFO] Waiting for the next scheduled job...
2025-10-24 16:41:54 [INFO] Woke up to check for scheduled jobs.
2025-10-24 16:41:54 [INFO] --> Starting scheduled fetch job...
2025-10-24 16:41:59 [INFO] Fetched 110 properties.
2025-10-24 16:41:59 [INFO] Waiting for the next scheduled job...
2025-10-24 16:42:59 [INFO] Woke up to check for scheduled jobs.
2025-10-24 16:42:59 [INFO] --> Starting scheduled fetch job...
2025-10-24 16:43:03 [INFO] Fetched 110 properties.
2025-10-24 16:43:03 [INFO] Waiting for the next scheduled job...
2025-10-24 16:44:03 [INFO] Woke up to check for scheduled jobs.
2025-10-24 16:44:03 [INFO] --> Starting scheduled fetch job...
2025-10-24 16:44:07 [INFO] Fetched 110 properties.
2025-10-24 16:44:07 [INFO] Waiting for the next scheduled job...
2025-10-24 16:45:07 [INFO] Woke up to check for scheduled jobs.
2025-10-24 16:45:07 [INFO] --> Starting scheduled fetch job...
2025-10-24 16:45:11 [INFO] Fetched 110 properties.
2025-10-24 16:45:11 [INFO] Waiting for the next scheduled job...
2025-10-24 16:46:11 [INFO] Woke up to check for scheduled jobs.
2025-10-24 16:46:11 [INFO] --> Starting scheduled fetch job...
2025-10-24 16:46:15 [INFO] Fetched 110 properties.
2025-10-24 16:46:15 [INFO] Waiting for the next scheduled job...
2025-10-24 16:47:15 [INFO] Woke up to check for scheduled jobs.
2025-10-24 16:47:15 [INFO] --> Starting scheduled fetch job...
2025-10-24 16:47:19 [INFO] Fetched 110 properties.
2025-10-24 16:47:19 [INFO] Waiting for the next scheduled job...
2025-10-24 16:48:19 [INFO] Woke up to check for scheduled jobs.
2025-10-24 16:48:19 [INFO] --> Starting scheduled fetch job...
2025-10-24 16:48:23 [INFO] Fetched 110 properties.
2025-10-24 16:48:23 [INFO] Waiting for the next scheduled job...
2025-10-24 16:49:23 [INFO] Woke up to check for scheduled jobs.
2025-10-24 16:49:23 [INFO] --> Starting scheduled fetch job...
2025-10-24 16:49:28 [INFO] Fetched 110 properties.
2025-10-24 16:49:28 [INFO] Waiting for the next scheduled job...
2025-10-24 16:50:28 [INFO] Woke up to check for scheduled jobs.
2025-10-24 16:50:28 [INFO] --> Starting scheduled fetch job...
2025-10-24 16:50:32 [INFO] Fetched 110 properties.
2025-10-24 16:50:32 [INFO] Waiting for the next scheduled job...
2025-10-24 16:51:32 [INFO] Woke up to check for scheduled jobs.
2025-10-24 16:51:32 [INFO] --> Starting scheduled fetch job...
2025-10-24 16:51:36 [INFO] Fetched 110 properties.
2025-10-24 16:51:36 [INFO] Waiting for the next scheduled job...
2025-10-24 16:52:36 [INFO] Woke up to check for scheduled jobs.
2025-10-24 16:52:36 [INFO] --> Starting scheduled fetch job...
2025-10-24 16:52:40 [INFO] Fetched 110 properties.
2025-10-24 16:52:40 [INFO] Waiting for the next scheduled job...
2025-10-24 16:53:40 [INFO] Woke up to check for scheduled jobs.
2025-10-24 16:53:40 [INFO] --> Starting scheduled fetch job...
2025-10-24 16:53:44 [INFO] Fetched 110 properties.
2025-10-24 16:53:44 [INFO] Waiting for the next scheduled job...
2025-10-24 16:54:44 [INFO] Woke up to check for scheduled jobs.
2025-10-24 16:54:44 [INFO] --> Starting scheduled fetch job...
2025-10-24 16:54:48 [INFO] Fetched 110 properties.
2025-10-24 16:54:48 [INFO] Waiting for the next scheduled job...
2025-10-24 16:55:48 [INFO] Woke up to check for scheduled jobs.
2025-10-24 16:55:48 [INFO] --> Starting scheduled fetch job...
2025-10-24 16:55:52 [INFO] Fetched 110 properties.
2025-10-24 16:55:52 [INFO] Waiting for the next scheduled job...
2025-10-24 16:56:52 [INFO] Woke up to check for scheduled jobs.
2025-10-24 16:56:52 [INFO] --> Starting scheduled fetch job...
2025-10-24 16:56:56 [INFO] Fetched 110 properties.
2025-10-24 16:56:56 [INFO] Waiting for the next scheduled job...
2025-10-24 16:57:56 [INFO] Woke up to check for scheduled jobs.
2025-10-24 16:57:56 [INFO] --> Starting scheduled fetch job...
2025-10-24 16:58:00 [INFO] Fetched 110 properties.
2025-10-24 16:58:00 [INFO] Waiting for the next scheduled job...
2025-10-24 16:59:00 [INFO] Woke up to check for scheduled jobs.
2025-10-24 16:59:00 [INFO] --> Starting scheduled fetch job...
2025-10-24 16:59:04 [INFO] Fetched 110 properties.
2025-10-24 16:59:04 [INFO] Waiting for the next scheduled job...
2025-10-24 17:00:04 [INFO] Woke up to check for scheduled jobs.
2025-10-24 17:00:04 [INFO] --> Starting scheduled fetch job...
2025-10-24 17:00:09 [INFO] Fetched 110 properties.
2025-10-24 17:00:09 [INFO] Waiting for the next scheduled job...
2025-10-24 17:01:09 [INFO] Woke up to check for scheduled jobs.
2025-10-24 17:01:09 [INFO] --> Starting scheduled fetch job...
2025-10-24 17:01:13 [INFO] Fetched 110 properties.
2025-10-24 17:01:13 [INFO] Waiting for the next scheduled job...
2025-10-24 17:02:13 [INFO] Woke up to check for scheduled jobs.
2025-10-24 17:02:13 [INFO] --> Starting scheduled fetch job...
2025-10-24 17:02:17 [INFO] Fetched 110 properties.
2025-10-24 17:02:17 [INFO] Waiting for the next scheduled job...
2025-10-24 17:03:17 [INFO] Woke up to check for scheduled jobs.
2025-10-24 17:03:17 [INFO] --> Starting scheduled fetch job...
2025-10-24 17:03:21 [INFO] Fetched 110 properties.
2025-10-24 17:03:21 [INFO] Waiting for the next scheduled job...
2025-10-24 17:04:21 [INFO] Woke up to check for scheduled jobs.
2025-10-24 17:04:21 [INFO] --> Starting scheduled fetch job...
2025-10-24 17:04:26 [INFO] Fetched 110 properties.
2025-10-24 17:04:26 [INFO] Waiting for the next scheduled job...
2025-10-24 17:05:26 [INFO] Woke up to check for scheduled jobs.
2025-10-24 17:05:26 [INFO] --> Starting scheduled fetch job...
2025-10-24 17:05:30 [INFO] Fetched 110 properties.
2025-10-24 17:05:30 [INFO] Waiting for the next scheduled job...
2025-10-24 17:06:30 [INFO] Woke up to check for scheduled jobs.
2025-10-24 17:06:30 [INFO] --> Starting scheduled fetch job...
2025-10-24 17:06:39 [INFO] Fetched 110 properties.
2025-10-24 17:06:39 [INFO] Waiting for the next scheduled job...
2025-10-24 17:07:39 [INFO] Woke up to check for scheduled jobs.
2025-10-24 17:07:39 [INFO] --> Starting scheduled fetch job...
2025-10-24 17:07:43 [INFO] Fetched 110 properties.
2025-10-24 17:07:43 [INFO] Waiting for the next scheduled job...
2025-10-24 17:08:43 [INFO] Woke up to check for scheduled jobs.
2025-10-24 17:08:43 [INFO] --> Starting scheduled fetch job...
2025-10-24 17:08:47 [INFO] Fetched 110 properties.
2025-10-24 17:08:47 [INFO] Waiting for the next scheduled job...
2025-10-24 17:09:47 [INFO] Woke up to check for scheduled jobs.
2025-10-24 17:09:47 [INFO] --> Starting scheduled fetch job...
2025-10-24 17:10:29 [INFO] Fetched 110 properties.
2025-10-24 17:10:29 [INFO] Waiting for the next scheduled job...
2025-10-24 17:11:29 [INFO] Woke up to check for scheduled jobs.
2025-10-24 17:11:29 [INFO] --> Starting scheduled fetch job...
2025-10-24 17:11:33 [INFO] Fetched 110 properties.
2025-10-24 17:11:33 [INFO] Waiting for the next scheduled job...
2025-10-24 17:12:33 [INFO] Woke up to check for scheduled jobs.
2025-10-24 17:12:33 [INFO] --> Starting scheduled fetch job...
2025-10-24 17:12:37 [INFO] Fetched 110 properties.
2025-10-24 17:12:37 [INFO] Waiting for the next scheduled job...
2025-10-24 17:13:37 [INFO] Woke up to check for scheduled jobs.
2025-10-24 17:13:37 [INFO] --> Starting scheduled fetch job...
2025-10-24 17:13:42 [INFO] Fetched 110 properties.
2025-10-24 17:13:42 [INFO] Waiting for the next scheduled job...
2025-10-24 17:14:42 [INFO] Woke up to check for scheduled jobs.
2025-10-24 17:14:42 [INFO] --> Starting scheduled fetch job...
2025-10-24 17:14:47 [INFO] Fetched 110 properties.
2025-10-24 17:14:47 [INFO] Waiting for the next scheduled job...
2025-10-24 17:15:47 [INFO] Woke up to check for scheduled jobs.
2025-10-24 17:15:47 [INFO] --> Starting scheduled fetch job...
2025-10-24 17:15:51 [INFO] Fetched 110 properties.
2025-10-24 17:15:51 [INFO] Waiting for the next scheduled job...
2025-10-24 17:16:51 [INFO] Woke up to check for scheduled jobs.
2025-10-24 17:16:51 [INFO] --> Starting scheduled fetch job...
2025-10-24 17:16:57 [INFO] Fetched 110 properties.
2025-10-24 17:16:57 [INFO] Waiting for the next scheduled job...
2025-10-24 17:17:57 [INFO] Woke up to check for scheduled jobs.
2025-10-24 17:17:57 [INFO] --> Starting scheduled fetch job...
2025-10-24 17:18:01 [INFO] Fetched 110 properties.
2025-10-24 17:18:01 [INFO] Waiting for the next scheduled job...
2025-10-24 17:19:01 [INFO] Woke up to check for scheduled jobs.
2025-10-24 17:19:01 [INFO] --> Starting scheduled fetch job...
2025-10-24 17:19:21 [INFO] Fetched 110 properties.
2025-10-24 17:19:21 [INFO] Waiting for the next scheduled job...
2025-10-24 17:20:21 [INFO] Woke up to check for scheduled jobs.
2025-10-24 17:20:21 [INFO] --> Starting scheduled fetch job...
2025-10-24 17:20:25 [INFO] Fetched 110 properties.
2025-10-24 17:20:25 [INFO] Waiting for the next scheduled job...
2025-10-24 17:21:25 [INFO] Woke up to check for scheduled jobs.
2025-10-24 17:21:25 [INFO] --> Starting scheduled fetch job...
2025-10-24 17:21:31 [INFO] Fetched 110 properties.
2025-10-24 17:21:31 [INFO] Waiting for the next scheduled job...
2025-10-24 17:22:31 [INFO] Woke up to check for scheduled jobs.
2025-10-24 17:22:31 [INFO] --> Starting scheduled fetch job...
2025-10-24 17:22:35 [INFO] Fetched 110 properties.
2025-10-24 17:22:35 [INFO] Waiting for the next scheduled job...
2025-10-24 17:23:35 [INFO] Woke up to check for scheduled jobs.
2025-10-24 17:23:35 [INFO] --> Starting scheduled fetch job...
2025-10-24 17:23:39 [INFO] Fetched 110 properties.
2025-10-24 17:23:39 [INFO] Waiting for the next scheduled job...
2025-10-24 17:24:39 [INFO] Woke up to check for scheduled jobs.
2025-10-24 17:24:39 [INFO] --> Starting scheduled fetch job...
2025-10-24 17:24:43 [INFO] Fetched 110 properties.
2025-10-24 17:24:43 [INFO] Waiting for the next scheduled job...
2025-10-24 17:25:43 [INFO] Woke up to check for scheduled jobs.
2025-10-24 17:25:43 [INFO] --> Starting scheduled fetch job...
2025-10-24 17:25:47 [INFO] Fetched 110 properties.
2025-10-24 17:25:47 [INFO] Waiting for the next scheduled job...
2025-10-24 17:26:47 [INFO] Woke up to check for scheduled jobs.
2025-10-24 17:26:47 [INFO] --> Starting scheduled fetch job...
2025-10-24 17:26:51 [INFO] Fetched 110 properties.
2025-10-24 17:26:51 [INFO] Waiting for the next scheduled job...
2025-10-24 17:27:51 [INFO] Woke up to check for scheduled jobs.
2025-10-24 17:27:51 [INFO] --> Starting scheduled fetch job...
2025-10-24 17:27:56 [INFO] Fetched 110 properties.
2025-10-24 17:27:56 [INFO] Waiting for the next scheduled job...
2025-10-24 17:28:56 [INFO] Woke up to check for scheduled jobs.
2025-10-24 17:28:56 [INFO] --> Starting scheduled fetch job...
2025-10-24 17:29:00 [INFO] Fetched 110 properties.
2025-10-24 17:29:00 [INFO] Waiting for the next scheduled job...
2025-10-24 17:30:00 [INFO] Woke up to check for scheduled jobs.
2025-10-24 17:30:00 [INFO] --> Starting scheduled fetch job...
2025-10-24 17:30:04 [INFO] Fetched 110 properties.
2025-10-24 17:30:04 [INFO] Waiting for the next scheduled job...
2025-10-24 17:31:04 [INFO] Woke up to check for scheduled jobs.
2025-10-24 17:31:04 [INFO] --> Starting scheduled fetch job...
2025-10-24 17:31:09 [INFO] Fetched 110 properties.
2025-10-24 17:31:09 [INFO] Waiting for the next scheduled job...
2025-10-24 17:32:09 [INFO] Woke up to check for scheduled jobs.
2025-10-24 17:32:09 [INFO] --> Starting scheduled fetch job...
2025-10-24 17:32:13 [INFO] Fetched 110 properties.
2025-10-24 17:32:13 [INFO] Waiting for the next scheduled job...
2025-10-24 17:33:13 [INFO] Woke up to check for scheduled jobs.
2025-10-24 17:33:13 [INFO] --> Starting scheduled fetch job...
2025-10-24 17:33:17 [INFO] Fetched 110 properties.
2025-10-24 17:33:17 [INFO] Waiting for the next scheduled job...
2025-10-24 17:34:17 [INFO] Woke up to check for scheduled jobs.
2025-10-24 17:34:17 [INFO] --> Starting scheduled fetch job...
2025-10-24 17:34:18 [WARNING] No data fetched, refreshing token and retrying...
2025-10-24 19:36:23 [INFO] Scheduler started [runs every 1 min].
2025-10-24 19:36:23 [INFO] --> Starting scheduled fetch job...
2025-10-24 19:36:25 [WARNING] No data fetched, refreshing token and retrying...
2025-10-24 19:36:59 [INFO] Fetched 110 properties.
2025-10-24 19:36:59 [INFO] Waiting for the next scheduled job...
2025-10-24 19:37:39 [INFO] Scheduler started [runs every 1 min].
2025-10-24 19:37:39 [INFO] --> Starting scheduled fetch job...
2025-10-24 19:37:40 [WARNING] No data fetched, refreshing token and retrying...
2025-10-24 19:38:11 [INFO] Fetched 110 properties.
2025-10-24 19:38:11 [INFO] Waiting for the next scheduled job...
2025-10-24 19:39:11 [INFO] Woke up to check for scheduled jobs.
2025-10-24 19:39:11 [INFO] --> Starting scheduled fetch job...
2025-10-24 19:39:15 [INFO] Fetched 110 properties.
2025-10-24 19:39:15 [INFO] Waiting for the next scheduled job...
2025-10-24 19:40:15 [INFO] Woke up to check for scheduled jobs.
2025-10-24 19:40:15 [INFO] --> Starting scheduled fetch job...
2025-10-24 19:40:19 [INFO] Fetched 110 properties.
2025-10-24 19:40:19 [INFO] Waiting for the next scheduled job...
2025-10-24 19:41:19 [INFO] Woke up to check for scheduled jobs.
2025-10-24 19:41:19 [INFO] --> Starting scheduled fetch job...
2025-10-24 19:41:23 [INFO] Fetched 110 properties.
2025-10-24 19:41:23 [INFO] Waiting for the next scheduled job...
2025-10-24 19:42:23 [INFO] Woke up to check for scheduled jobs.
2025-10-24 19:42:23 [INFO] --> Starting scheduled fetch job...
2025-10-24 19:42:27 [INFO] Fetched 110 properties.
2025-10-24 19:42:27 [INFO] Waiting for the next scheduled job...
2025-10-24 19:43:27 [INFO] Woke up to check for scheduled jobs.
2025-10-24 19:43:27 [INFO] --> Starting scheduled fetch job...
2025-10-24 19:43:31 [INFO] Fetched 110 properties.
2025-10-24 19:43:31 [INFO] Waiting for the next scheduled job...
2025-10-24 19:44:18 [INFO] Scheduler started [runs every 1 min].
2025-10-24 19:44:18 [INFO] --> Starting scheduled fetch job...
2025-10-24 19:44:18 [WARNING] No data fetched, refreshing token and retrying...
2025-10-24 19:44:51 [INFO] Fetched 110 properties.
2025-10-24 19:44:51 [INFO] Waiting for the next scheduled job...
2025-10-24 19:47:14 [INFO] Scheduler started [runs every 1 min].
2025-10-24 19:47:14 [INFO] --> Starting scheduled fetch job...
2025-10-24 19:47:18 [INFO] Fetched 110 properties.
2025-10-24 19:47:18 [INFO] Waiting for the next scheduled job...
2025-10-24 19:48:18 [INFO] Woke up to check for scheduled jobs.
2025-10-24 19:48:18 [INFO] --> Starting scheduled fetch job...
2025-10-24 19:48:21 [INFO] Fetched 110 properties.
2025-10-24 19:48:21 [INFO] Waiting for the next scheduled job...
2025-10-24 19:49:21 [INFO] Woke up to check for scheduled jobs.
2025-10-24 19:49:21 [INFO] --> Starting scheduled fetch job...
2025-10-24 19:49:25 [INFO] Fetched 110 properties.
2025-10-24 19:49:25 [INFO] Waiting for the next scheduled job...
2025-10-24 19:50:25 [INFO] Woke up to check for scheduled jobs.
2025-10-24 19:50:25 [INFO] --> Starting scheduled fetch job...
2025-10-24 19:50:29 [INFO] Fetched 110 properties.
2025-10-24 19:50:29 [INFO] Waiting for the next scheduled job...
2025-10-24 19:51:29 [INFO] Woke up to check for scheduled jobs.
2025-10-24 19:51:29 [INFO] --> Starting scheduled fetch job...
2025-10-24 19:51:29 [WARNING] No data fetched, refreshing token and retrying...
2025-10-24 19:52:01 [INFO] Fetched 110 properties.
2025-10-24 19:52:01 [INFO] Waiting for the next scheduled job...
2025-10-24 19:53:01 [INFO] Woke up to check for scheduled jobs.
2025-10-24 19:53:01 [INFO] --> Starting scheduled fetch job...
2025-10-24 19:53:05 [INFO] Fetched 110 properties.
2025-10-24 19:53:05 [INFO] Waiting for the next scheduled job...
2025-10-24 19:54:05 [INFO] Woke up to check for scheduled jobs.
2025-10-24 19:54:05 [INFO] --> Starting scheduled fetch job...
2025-10-24 19:54:09 [INFO] Fetched 110 properties.
2025-10-24 19:54:09 [INFO] Waiting for the next scheduled job...
2025-10-24 19:55:09 [INFO] Woke up to check for scheduled jobs.
2025-10-24 19:55:09 [INFO] --> Starting scheduled fetch job...
2025-10-24 19:55:13 [INFO] Fetched 110 properties.
2025-10-24 19:55:13 [INFO] Waiting for the next scheduled job...
2025-10-24 19:56:13 [INFO] Woke up to check for scheduled jobs.
2025-10-24 19:56:13 [INFO] --> Starting scheduled fetch job...
2025-10-24 19:56:17 [INFO] Fetched 110 properties.
2025-10-24 19:56:17 [INFO] Waiting for the next scheduled job...
2025-10-24 19:57:17 [INFO] Woke up to check for scheduled jobs.
2025-10-24 19:57:17 [INFO] --> Starting scheduled fetch job...
2025-10-24 19:57:20 [INFO] Fetched 110 properties.
2025-10-24 19:57:20 [INFO] Waiting for the next scheduled job...
2025-10-24 19:58:20 [INFO] Woke up to check for scheduled jobs.
2025-10-24 19:58:20 [INFO] --> Starting scheduled fetch job...
2025-10-24 19:58:24 [INFO] Fetched 110 properties.
2025-10-24 19:58:24 [INFO] Waiting for the next scheduled job...
2025-10-24 19:59:24 [INFO] Woke up to check for scheduled jobs.
2025-10-24 19:59:24 [INFO] --> Starting scheduled fetch job...
2025-10-24 19:59:28 [INFO] Fetched 110 properties.
2025-10-24 19:59:28 [INFO] Waiting for the next scheduled job...
2025-10-24 20:00:28 [INFO] Woke up to check for scheduled jobs.
2025-10-24 20:00:28 [INFO] --> Starting scheduled fetch job...
2025-10-24 20:00:32 [INFO] Fetched 110 properties.
2025-10-24 20:00:32 [INFO] Waiting for the next scheduled job...
2025-10-24 20:01:32 [INFO] Woke up to check for scheduled jobs.
2025-10-24 20:01:32 [INFO] --> Starting scheduled fetch job...
2025-10-24 20:01:35 [INFO] Fetched 110 properties.
2025-10-24 20:01:35 [INFO] Waiting for the next scheduled job...
2025-10-24 20:02:35 [INFO] Woke up to check for scheduled jobs.
2025-10-24 20:02:35 [INFO] --> Starting scheduled fetch job...
2025-10-24 20:02:39 [INFO] Fetched 110 properties.
2025-10-24 20:02:39 [INFO] Waiting for the next scheduled job...
2025-10-24 20:03:39 [INFO] Woke up to check for scheduled jobs.
2025-10-24 20:03:39 [INFO] --> Starting scheduled fetch job...
2025-10-24 20:03:43 [INFO] Fetched 110 properties.
2025-10-24 20:03:43 [INFO] Waiting for the next scheduled job...
2025-10-24 20:04:43 [INFO] Woke up to check for scheduled jobs.
2025-10-24 20:04:43 [INFO] --> Starting scheduled fetch job...
2025-10-24 20:04:47 [INFO] Fetched 110 properties.
2025-10-24 20:04:47 [INFO] Waiting for the next scheduled job...
2025-10-24 20:05:47 [INFO] Woke up to check for scheduled jobs.
2025-10-24 20:05:47 [INFO] --> Starting scheduled fetch job...
2025-10-24 20:05:50 [INFO] Fetched 110 properties.
2025-10-24 20:05:50 [INFO] Waiting for the next scheduled job...
2025-10-24 20:06:50 [INFO] Woke up to check for scheduled jobs.
2025-10-24 20:06:50 [INFO] --> Starting scheduled fetch job...
2025-10-24 20:06:54 [INFO] Fetched 110 properties.
2025-10-24 20:06:54 [INFO] Waiting for the next scheduled job...
2025-10-24 20:22:33 [INFO] Scheduler started [runs every 1 min].
2025-10-24 20:22:33 [INFO] --> Starting scheduled fetch job...
2025-10-24 20:22:37 [INFO] Fetched 110 properties.
2025-10-24 20:22:37 [INFO] Waiting for the next scheduled job...
