2025-10-24 15:20:05 [INFO] Launching browser to retrieve PropStream token...
2025-10-24 15:20:09 [INFO] Navigating to login page...
2025-10-24 15:20:14 [INFO] Waiting for login to complete...
2025-10-24 15:20:46 [INFO] Waiting for token... Attempt 1/6
2025-10-24 15:21:08 [INFO] [✅] Token captured from https://app.propstream.com/eqbackend/resource/auth/ps4/map/statistics/metrics
2025-10-24 15:21:11 [INFO] Token saved to token.txt
2025-10-24 15:36:39 [INFO] Launching browser to retrieve PropStream token...
2025-10-24 15:36:42 [INFO] Navigating to login page...
2025-10-24 15:36:47 [INFO] Waiting for login to complete...
2025-10-24 15:37:14 [INFO] Waiting for token... Attempt 1/6
2025-10-24 15:37:23 [INFO] [✅] Token captured from https://app.propstream.com/eqbackend/resource/auth/ps4/map/statistics/metrics
2025-10-24 15:37:26 [INFO] Token saved to token.txt
2025-10-24 15:38:31 [INFO] Launching browser to retrieve PropStream token...
2025-10-24 15:38:33 [INFO] Navigating to login page...
2025-10-24 15:38:38 [INFO] Waiting for login to complete...
2025-10-24 15:39:03 [INFO] Waiting for token... Attempt 1/6
2025-10-24 15:39:16 [INFO] Waiting for token... Attempt 2/6
2025-10-24 15:39:26 [INFO] [✅] Token captured from https://app.propstream.com/eqbackend/resource/auth/ps4/map/statistics/metrics
2025-10-24 15:39:38 [INFO] Token saved to token.txt
2025-10-24 15:48:10 [INFO] Launching browser to retrieve PropStream token...
2025-10-24 15:48:12 [INFO] Navigating to login page...
2025-10-24 15:48:15 [INFO] Waiting for login to complete...
2025-10-24 15:48:42 [INFO] Waiting for token... Attempt 1/6
2025-10-24 15:48:51 [INFO] [✅] Token captured from https://app.propstream.com/eqbackend/resource/auth/ps4/map/statistics/metrics
2025-10-24 15:48:54 [INFO] Token saved to token.txt
2025-10-24 15:55:18 [INFO] Launching browser to retrieve PropStream token...
2025-10-24 15:55:22 [INFO] Navigating to login page...
2025-10-24 15:55:26 [INFO] Waiting for login to complete...
2025-10-24 15:56:02 [INFO] [✅] Token captured from https://app.propstream.com/eqbackend/resource/auth/ps4/map/statistics/metrics
2025-10-24 15:56:06 [INFO] Token saved to token.txt
2025-10-24 16:04:39 [INFO] Launching browser to retrieve PropStream token...
2025-10-24 16:04:43 [INFO] Navigating to login page...
2025-10-24 16:04:47 [INFO] Waiting for login to complete...
2025-10-24 16:05:24 [INFO] [✅] Token captured from https://app.propstream.com/eqbackend/resource/auth/ps4/map/statistics/metrics
2025-10-24 16:05:27 [INFO] Token saved to token.txt
2025-10-24 16:08:41 [INFO] Launching browser to retrieve PropStream token...
2025-10-24 16:08:45 [INFO] Navigating to login page...
2025-10-24 16:08:49 [INFO] Waiting for login to complete...
2025-10-24 16:09:11 [INFO] Waiting for token... Attempt 1/6
2025-10-24 16:09:20 [INFO] [✅] Token captured from https://app.propstream.com/eqbackend/resource/auth/ps4/map/statistics/metrics
2025-10-24 16:09:23 [INFO] Token saved to token.txt
2025-10-24 16:10:27 [INFO] Launching browser to retrieve PropStream token...
2025-10-24 16:10:28 [INFO] Navigating to login page...
2025-10-24 16:10:33 [INFO] Waiting for login to complete...
2025-10-24 16:10:53 [INFO] Waiting for token... Attempt 1/6
2025-10-24 16:11:02 [INFO] [✅] Token captured from https://app.propstream.com/eqbackend/resource/auth/ps4/map/statistics/metrics
2025-10-24 16:11:06 [INFO] Token saved to token.txt
2025-10-24 16:16:28 [INFO] Launching browser to retrieve PropStream token...
2025-10-24 16:16:29 [INFO] Navigating to login page...
2025-10-24 16:16:33 [INFO] Waiting for login to complete...
2025-10-24 16:17:10 [INFO] Waiting for token... Attempt 1/6
2025-10-24 16:17:23 [INFO] Waiting for token... Attempt 2/6
2025-10-24 16:17:35 [INFO] Waiting for token... Attempt 3/6
2025-10-24 16:17:46 [INFO] Waiting for token... Attempt 4/6
2025-10-24 16:17:58 [INFO] Waiting for token... Attempt 5/6
2025-10-24 16:18:10 [INFO] Waiting for token... Attempt 6/6
2025-10-24 16:18:22 [ERROR] ❌ Token not found after login.
2025-10-24 16:19:25 [INFO] Launching browser to retrieve PropStream token...
2025-10-24 16:19:26 [INFO] Navigating to login page...
2025-10-24 16:19:30 [INFO] Waiting for login to complete...
2025-10-24 16:19:49 [INFO] Waiting for token... Attempt 1/6
2025-10-24 16:19:57 [INFO] [✅] Token captured from https://app.propstream.com/eqbackend/resource/auth/ps4/map/statistics/metrics
2025-10-24 16:20:11 [INFO] Token saved to token.txt
2025-10-24 16:22:18 [INFO] Launching browser to retrieve PropStream token...
2025-10-24 16:22:20 [INFO] Navigating to login page...
2025-10-24 16:22:23 [INFO] Waiting for login to complete...
2025-10-24 16:22:42 [INFO] Waiting for token... Attempt 1/6
2025-10-24 16:22:49 [INFO] [✅] Token captured from https://app.propstream.com/eqbackend/resource/auth/ps4/map/statistics/metrics
2025-10-24 16:23:02 [INFO] Token saved to token.txt
2025-10-24 16:24:08 [INFO] Launching browser to retrieve PropStream token...
2025-10-24 16:24:09 [INFO] Navigating to login page...
2025-10-24 16:24:13 [INFO] Waiting for login to complete...
2025-10-24 16:24:32 [INFO] Waiting for token... Attempt 1/6
2025-10-24 16:24:40 [INFO] [✅] Token captured from https://app.propstream.com/eqbackend/resource/auth/ps4/map/statistics/metrics
2025-10-24 16:24:44 [INFO] Token saved to token.txt
2025-10-24 16:33:31 [INFO] Launching browser to retrieve PropStream token...
2025-10-24 16:33:32 [INFO] Navigating to login page...
2025-10-24 16:33:35 [INFO] Launching browser to retrieve PropStream token...
2025-10-24 16:33:36 [INFO] Waiting for login to complete...
2025-10-24 16:33:37 [INFO] Navigating to login page...
2025-10-24 16:33:41 [INFO] Waiting for login to complete...
2025-10-24 16:34:14 [INFO] Waiting for token... Attempt 1/6
2025-10-24 16:34:14 [INFO] Waiting for token... Attempt 1/6
2025-10-24 16:34:22 [INFO] [✅] Token captured from https://app.propstream.com/eqbackend/resource/auth/ps4/map/statistics/metrics
2025-10-24 16:34:22 [INFO] [✅] Token captured from https://app.propstream.com/eqbackend/resource/auth/ps4/map/statistics/metrics
2025-10-24 16:34:25 [INFO] Token saved to token.txt
2025-10-24 16:34:26 [INFO] Token saved to token.txt
2025-10-24 17:34:18 [INFO] Launching browser to retrieve PropStream token...
2025-10-24 17:34:22 [INFO] Navigating to login page...
2025-10-24 19:36:25 [INFO] Launching browser to retrieve PropStream token...
2025-10-24 19:36:28 [INFO] Navigating to login page...
2025-10-24 19:36:32 [INFO] Waiting for login to complete...
2025-10-24 19:36:49 [INFO] [✅] Token captured from https://app.propstream.com/eqbackend/resource/auth/ps4/map/statistics/metrics
2025-10-24 19:36:54 [INFO] Token saved to token.txt
2025-10-24 19:37:40 [INFO] Launching browser to retrieve PropStream token...
2025-10-24 19:37:42 [INFO] Navigating to login page...
2025-10-24 19:37:46 [INFO] Waiting for login to complete...
2025-10-24 19:38:03 [INFO] [✅] Token captured from https://app.propstream.com/eqbackend/resource/auth/ps4/map/statistics/metrics
2025-10-24 19:38:07 [INFO] Token saved to token.txt
2025-10-24 19:44:18 [INFO] Launching browser to retrieve PropStream token...
2025-10-24 19:44:20 [INFO] Navigating to login page...
2025-10-24 19:44:24 [INFO] Waiting for login to complete...
2025-10-24 19:44:41 [INFO] [✅] Token captured from https://app.propstream.com/eqbackend/resource/auth/ps4/map/statistics/metrics
2025-10-24 19:44:47 [INFO] Token saved to token.txt
2025-10-24 19:51:29 [INFO] Launching browser to retrieve PropStream token...
2025-10-24 19:51:31 [INFO] Navigating to login page...
2025-10-24 19:51:35 [INFO] Waiting for login to complete...
2025-10-24 19:51:52 [INFO] [✅] Token captured from https://app.propstream.com/eqbackend/resource/auth/ps4/map/statistics/metrics
2025-10-24 19:51:57 [INFO] Token saved to token.txt
